17:12:48.429 [Worker-111] INFO  o.a.AndroidAnnotationProcessor:86 - Initialize AndroidAnnotationProcessor with options {phase=BUILD}
17:12:48.574 [Worker-111] INFO  o.a.AndroidAnnotationProcessor:86 - Initialize AndroidAnnotationProcessor with options {phase=BUILD}
17:13:07.489 [Worker-118] INFO  o.a.AndroidAnnotationProcessor:86 - Initialize AndroidAnnotationProcessor with options {phase=BUILD}
17:15:14.550 [Worker-111] INFO  o.a.AndroidAnnotationProcessor:86 - Initialize AndroidAnnotationProcessor with options {phase=BUILD}
17:15:14.553 [Worker-111] INFO  o.a.AndroidAnnotationProcessor:117 - Start processing for 2 annotations on 1 elements
17:15:14.567 [Worker-111] DEBUG o.a.h.AndroidManifestFinder:137 - AndroidManifest.xml file found in parent folder D:\WorkSpaceL\V2Students: D:\WorkSpaceL\V2Students\AndroidManifest.xml
17:15:14.570 [Worker-111] INFO  o.a.AndroidAnnotationProcessor:180 - AndroidManifest.xml found: AndroidManifest [applicationPackage=com.v2solutions.v2students, componentQualifiedNames=[com.v2solutions.v2students.MainActivity, com.v2solutions.v2students.NewStudentActivity, com.v2solutions.v2students.PassStudentActivity, com.v2solutions.v2students.ShowRank], permissionQualifiedNames=[com.android.launcher.permission.INSTALL_SHORTCUT, com.android.launcher.permission.UNINSTALL_SHORTCUT], applicationClassName=null, libraryProject=false, debugabble=false, minSdkVersion=8, maxSdkVersion=-1, targetSdkVersion=8]
17:15:14.571 [Worker-111] INFO  o.a.r.ProjectRClassFinder:48 - Found project R class: com.v2solutions.v2students.R
17:15:14.575 [Worker-111] INFO  o.a.r.AndroidRClassFinder:44 - Found Android class: android.R
17:15:14.587 [Worker-111] INFO  o.a.p.ModelValidator:42 - Validating elements
17:15:14.588 [Worker-111] DEBUG o.a.p.ModelValidator:62 - Validating with EActivityHandler: [com.v2solutions.v2students.MainActivity]
17:15:14.590 [Worker-111] ERROR o.a.h.AnnotationHelper:110 - The AndroidManifest.xml file contains the original component, and not the AndroidAnnotations generated component. Please register MainActivity_ instead of MainActivity
17:15:14.590 [Worker-111] WARN  o.a.p.ModelValidator:69 - Element EActivityHandler unvalidated by 
17:15:14.590 [Worker-111] DEBUG o.a.p.ModelValidator:62 - Validating with AfterViewsHandler: [void createShortcut() ]
17:15:14.591 [Worker-111] WARN  o.a.p.ModelValidator:69 - Element AfterViewsHandler unvalidated by 
17:15:14.599 [Worker-111] INFO  o.a.p.ModelProcessor:73 - Processing root elements
17:15:14.600 [Worker-111] INFO  o.a.p.ModelProcessor:104 - Processing enclosed elements
17:15:14.601 [Worker-111] INFO  o.a.AndroidAnnotationProcessor:259 - Number of files generated by AndroidAnnotations: 0
17:15:14.603 [Worker-111] INFO  o.a.g.ApiCodeGenerator:52 - Writting following API classes in project: []
17:15:14.605 [Worker-111] INFO  o.a.p.TimeStats:81 - Time measurements: [Whole Processing = 52 ms], [Extract Annotations = 11 ms], [Process Annotations = 10 ms], [Find R Classes = 8 ms], [Extract Manifest = 5 ms], [Validate Annotations = 5 ms], [Generate Sources = 4 ms], 
17:15:14.605 [Worker-111] INFO  o.a.AndroidAnnotationProcessor:131 - Finish processing
17:15:32.713 [Worker-114] INFO  o.a.AndroidAnnotationProcessor:86 - Initialize AndroidAnnotationProcessor with options {phase=BUILD}
17:15:47.542 [Worker-114] INFO  o.a.AndroidAnnotationProcessor:86 - Initialize AndroidAnnotationProcessor with options {phase=BUILD}
17:15:47.543 [Worker-114] INFO  o.a.AndroidAnnotationProcessor:117 - Start processing for 1 annotations on 2 elements
17:15:47.551 [Worker-114] DEBUG o.a.h.AndroidManifestFinder:137 - AndroidManifest.xml file found in parent folder D:\WorkSpaceL\V2Students: D:\WorkSpaceL\V2Students\AndroidManifest.xml
17:15:47.554 [Worker-114] INFO  o.a.AndroidAnnotationProcessor:180 - AndroidManifest.xml found: AndroidManifest [applicationPackage=com.v2solutions.v2students, componentQualifiedNames=[com.v2solutions.v2students.MainActivity_, com.v2solutions.v2students.NewStudentActivity, com.v2solutions.v2students.PassStudentActivity, com.v2solutions.v2students.ShowRank], permissionQualifiedNames=[com.android.launcher.permission.INSTALL_SHORTCUT, com.android.launcher.permission.UNINSTALL_SHORTCUT], applicationClassName=null, libraryProject=false, debugabble=false, minSdkVersion=8, maxSdkVersion=-1, targetSdkVersion=8]
17:15:47.554 [Worker-114] INFO  o.a.r.ProjectRClassFinder:48 - Found project R class: com.v2solutions.v2students.R
17:15:47.555 [Worker-114] INFO  o.a.r.AndroidRClassFinder:44 - Found Android class: android.R
17:15:47.559 [Worker-114] INFO  o.a.p.ModelValidator:42 - Validating elements
17:15:47.559 [Worker-114] DEBUG o.a.p.ModelValidator:62 - Validating with AfterViewsHandler: [void createShortcut() ]
17:15:47.560 [Worker-114] ERROR o.a.h.AnnotationHelper:110 - @org.androidannotations.annotations.AfterViews can only be used in a class annotated with @org.androidannotations.annotations.EActivity, @org.androidannotations.annotations.EViewGroup, @org.androidannotations.annotations.EView, @org.androidannotations.annotations.EBean, @org.androidannotations.annotations.EFragment.
17:15:47.560 [Worker-114] WARN  o.a.p.ModelValidator:69 - Element AfterViewsHandler unvalidated by 
17:15:47.560 [Worker-114] INFO  o.a.p.ModelProcessor:73 - Processing root elements
17:15:47.561 [Worker-114] INFO  o.a.p.ModelProcessor:104 - Processing enclosed elements
17:15:47.561 [Worker-114] INFO  o.a.AndroidAnnotationProcessor:259 - Number of files generated by AndroidAnnotations: 0
17:15:47.561 [Worker-114] INFO  o.a.g.ApiCodeGenerator:52 - Writting following API classes in project: []
17:15:47.562 [Worker-114] INFO  o.a.p.TimeStats:81 - Time measurements: [Whole Processing = 19 ms], [Extract Annotations = 7 ms], [Find R Classes = 5 ms], [Extract Manifest = 3 ms], [Validate Annotations = 1 ms], [Process Annotations = 1 ms], [Generate Sources = 1 ms], 
17:15:47.562 [Worker-114] INFO  o.a.AndroidAnnotationProcessor:131 - Finish processing
17:15:50.37 [Worker-120] INFO  o.a.AndroidAnnotationProcessor:86 - Initialize AndroidAnnotationProcessor with options {phase=BUILD}
17:15:50.39 [Worker-120] INFO  o.a.AndroidAnnotationProcessor:117 - Start processing for 2 annotations on 2 elements
17:15:50.46 [Worker-120] DEBUG o.a.h.AndroidManifestFinder:137 - AndroidManifest.xml file found in parent folder D:\WorkSpaceL\V2Students: D:\WorkSpaceL\V2Students\AndroidManifest.xml
17:15:50.49 [Worker-120] INFO  o.a.AndroidAnnotationProcessor:180 - AndroidManifest.xml found: AndroidManifest [applicationPackage=com.v2solutions.v2students, componentQualifiedNames=[com.v2solutions.v2students.MainActivity_, com.v2solutions.v2students.NewStudentActivity, com.v2solutions.v2students.PassStudentActivity, com.v2solutions.v2students.ShowRank], permissionQualifiedNames=[com.android.launcher.permission.INSTALL_SHORTCUT, com.android.launcher.permission.UNINSTALL_SHORTCUT], applicationClassName=null, libraryProject=false, debugabble=false, minSdkVersion=8, maxSdkVersion=-1, targetSdkVersion=8]
17:15:50.49 [Worker-120] INFO  o.a.r.ProjectRClassFinder:48 - Found project R class: com.v2solutions.v2students.R
17:15:50.50 [Worker-120] INFO  o.a.r.AndroidRClassFinder:44 - Found Android class: android.R
17:15:50.53 [Worker-120] INFO  o.a.p.ModelValidator:42 - Validating elements
17:15:50.53 [Worker-120] DEBUG o.a.p.ModelValidator:62 - Validating with EActivityHandler: [com.v2solutions.v2students.MainActivity]
17:15:50.54 [Worker-120] DEBUG o.a.p.ModelValidator:62 - Validating with AfterViewsHandler: [void createShortcut() ]
17:15:50.54 [Worker-120] INFO  o.a.p.ModelProcessor:73 - Processing root elements
17:15:50.55 [Worker-120] DEBUG o.a.p.ModelProcessor:80 - Processing root elements EActivityHandler: [com.v2solutions.v2students.MainActivity]
17:15:50.80 [Worker-120] INFO  o.a.p.ModelProcessor:104 - Processing enclosed elements
17:15:50.81 [Worker-120] INFO  o.a.AndroidAnnotationProcessor:259 - Number of files generated by AndroidAnnotations: 1
17:15:50.82 [Worker-120] INFO  o.a.g.ApiCodeGenerator:52 - Writting following API classes in project: []
17:15:50.82 [Worker-120] DEBUG o.a.g.SourceCodewriter:55 - Generating class: com.v2solutions.v2students.MainActivity_
17:15:50.91 [Worker-120] INFO  o.a.p.TimeStats:81 - Time measurements: [Whole Processing = 52 ms], [Process Annotations = 27 ms], [Generate Sources = 10 ms], [Extract Annotations = 7 ms], [Find R Classes = 4 ms], [Extract Manifest = 3 ms], [Validate Annotations = 1 ms], 
17:15:50.92 [Worker-120] INFO  o.a.AndroidAnnotationProcessor:131 - Finish processing
17:17:27.654 [Worker-114] INFO  o.a.AndroidAnnotationProcessor:86 - Initialize AndroidAnnotationProcessor with options {phase=BUILD}
17:17:27.658 [Worker-114] INFO  o.a.AndroidAnnotationProcessor:117 - Start processing for 2 annotations on 1 elements
17:17:27.666 [Worker-114] DEBUG o.a.h.AndroidManifestFinder:137 - AndroidManifest.xml file found in parent folder D:\WorkSpaceL\V2Students: D:\WorkSpaceL\V2Students\AndroidManifest.xml
17:17:27.668 [Worker-114] INFO  o.a.AndroidAnnotationProcessor:180 - AndroidManifest.xml found: AndroidManifest [applicationPackage=com.v2solutions.v2students, componentQualifiedNames=[com.v2solutions.v2students.MainActivity_, com.v2solutions.v2students.NewStudentActivity, com.v2solutions.v2students.PassStudentActivity, com.v2solutions.v2students.ShowRank], permissionQualifiedNames=[com.android.launcher.permission.INSTALL_SHORTCUT, com.android.launcher.permission.UNINSTALL_SHORTCUT], applicationClassName=null, libraryProject=false, debugabble=false, minSdkVersion=8, maxSdkVersion=-1, targetSdkVersion=8]
17:17:27.669 [Worker-114] INFO  o.a.r.ProjectRClassFinder:48 - Found project R class: com.v2solutions.v2students.R
17:17:27.670 [Worker-114] INFO  o.a.r.AndroidRClassFinder:44 - Found Android class: android.R
17:17:27.673 [Worker-114] INFO  o.a.p.ModelValidator:42 - Validating elements
17:17:27.674 [Worker-114] DEBUG o.a.p.ModelValidator:62 - Validating with EActivityHandler: [com.v2solutions.v2students.MainActivity]
17:17:27.675 [Worker-114] DEBUG o.a.p.ModelValidator:62 - Validating with AfterViewsHandler: [void createShortcut() ]
17:17:27.675 [Worker-114] INFO  o.a.p.ModelProcessor:73 - Processing root elements
17:17:27.676 [Worker-114] DEBUG o.a.p.ModelProcessor:80 - Processing root elements EActivityHandler: [com.v2solutions.v2students.MainActivity]
17:17:27.678 [Worker-114] INFO  o.a.p.ModelProcessor:104 - Processing enclosed elements
17:17:27.679 [Worker-114] INFO  o.a.AndroidAnnotationProcessor:259 - Number of files generated by AndroidAnnotations: 1
17:17:27.679 [Worker-114] INFO  o.a.g.ApiCodeGenerator:52 - Writting following API classes in project: []
17:17:27.679 [Worker-114] DEBUG o.a.g.SourceCodewriter:55 - Generating class: com.v2solutions.v2students.MainActivity_
17:17:27.682 [Worker-114] INFO  o.a.p.TimeStats:81 - Time measurements: [Whole Processing = 24 ms], [Extract Annotations = 7 ms], [Find R Classes = 4 ms], [Process Annotations = 4 ms], [Extract Manifest = 3 ms], [Generate Sources = 3 ms], [Validate Annotations = 2 ms], 
17:17:27.682 [Worker-114] INFO  o.a.AndroidAnnotationProcessor:131 - Finish processing
17:17:55.655 [Worker-114] INFO  o.a.AndroidAnnotationProcessor:86 - Initialize AndroidAnnotationProcessor with options {phase=BUILD}
17:17:55.657 [Worker-114] INFO  o.a.AndroidAnnotationProcessor:117 - Start processing for 2 annotations on 1 elements
17:17:55.663 [Worker-114] DEBUG o.a.h.AndroidManifestFinder:137 - AndroidManifest.xml file found in parent folder D:\WorkSpaceL\V2Students: D:\WorkSpaceL\V2Students\AndroidManifest.xml
17:17:55.665 [Worker-114] INFO  o.a.AndroidAnnotationProcessor:180 - AndroidManifest.xml found: AndroidManifest [applicationPackage=com.v2solutions.v2students, componentQualifiedNames=[com.v2solutions.v2students.MainActivity_, com.v2solutions.v2students.NewStudentActivity, com.v2solutions.v2students.PassStudentActivity, com.v2solutions.v2students.ShowRank], permissionQualifiedNames=[com.android.launcher.permission.INSTALL_SHORTCUT, com.android.launcher.permission.UNINSTALL_SHORTCUT], applicationClassName=null, libraryProject=false, debugabble=false, minSdkVersion=8, maxSdkVersion=-1, targetSdkVersion=8]
17:17:55.665 [Worker-114] INFO  o.a.r.ProjectRClassFinder:48 - Found project R class: com.v2solutions.v2students.R
17:17:55.667 [Worker-114] INFO  o.a.r.AndroidRClassFinder:44 - Found Android class: android.R
17:17:55.669 [Worker-114] INFO  o.a.p.ModelValidator:42 - Validating elements
17:17:55.670 [Worker-114] DEBUG o.a.p.ModelValidator:62 - Validating with EActivityHandler: [com.v2solutions.v2students.MainActivity]
17:17:55.670 [Worker-114] DEBUG o.a.p.ModelValidator:62 - Validating with AfterViewsHandler: [void createShortcut() ]
17:17:55.671 [Worker-114] INFO  o.a.p.ModelProcessor:73 - Processing root elements
17:17:55.671 [Worker-114] DEBUG o.a.p.ModelProcessor:80 - Processing root elements EActivityHandler: [com.v2solutions.v2students.MainActivity]
17:17:55.673 [Worker-114] INFO  o.a.p.ModelProcessor:104 - Processing enclosed elements
17:17:55.673 [Worker-114] INFO  o.a.AndroidAnnotationProcessor:259 - Number of files generated by AndroidAnnotations: 1
17:17:55.673 [Worker-114] INFO  o.a.g.ApiCodeGenerator:52 - Writting following API classes in project: []
17:17:55.674 [Worker-114] DEBUG o.a.g.SourceCodewriter:55 - Generating class: com.v2solutions.v2students.MainActivity_
17:17:55.676 [Worker-114] INFO  o.a.p.TimeStats:81 - Time measurements: [Whole Processing = 19 ms], [Extract Annotations = 5 ms], [Find R Classes = 4 ms], [Extract Manifest = 3 ms], [Generate Sources = 3 ms], [Validate Annotations = 2 ms], [Process Annotations = 2 ms], 
17:17:55.676 [Worker-114] INFO  o.a.AndroidAnnotationProcessor:131 - Finish processing
17:18:55.960 [Worker-114] INFO  o.a.AndroidAnnotationProcessor:86 - Initialize AndroidAnnotationProcessor with options {phase=BUILD}
17:18:55.964 [Worker-114] INFO  o.a.AndroidAnnotationProcessor:117 - Start processing for 2 annotations on 1 elements
17:18:55.972 [Worker-114] DEBUG o.a.h.AndroidManifestFinder:137 - AndroidManifest.xml file found in parent folder D:\WorkSpaceL\V2Students: D:\WorkSpaceL\V2Students\AndroidManifest.xml
17:18:55.975 [Worker-114] INFO  o.a.AndroidAnnotationProcessor:180 - AndroidManifest.xml found: AndroidManifest [applicationPackage=com.v2solutions.v2students, componentQualifiedNames=[com.v2solutions.v2students.MainActivity_, com.v2solutions.v2students.NewStudentActivity, com.v2solutions.v2students.PassStudentActivity, com.v2solutions.v2students.ShowRank], permissionQualifiedNames=[com.android.launcher.permission.INSTALL_SHORTCUT, com.android.launcher.permission.UNINSTALL_SHORTCUT], applicationClassName=null, libraryProject=false, debugabble=false, minSdkVersion=8, maxSdkVersion=-1, targetSdkVersion=8]
17:18:55.975 [Worker-114] INFO  o.a.r.ProjectRClassFinder:48 - Found project R class: com.v2solutions.v2students.R
17:18:55.976 [Worker-114] INFO  o.a.r.AndroidRClassFinder:44 - Found Android class: android.R
17:18:55.979 [Worker-114] INFO  o.a.p.ModelValidator:42 - Validating elements
17:18:55.980 [Worker-114] DEBUG o.a.p.ModelValidator:62 - Validating with EActivityHandler: [com.v2solutions.v2students.MainActivity]
17:18:55.980 [Worker-114] DEBUG o.a.p.ModelValidator:62 - Validating with AfterViewsHandler: [void createShortcut() ]
17:18:55.981 [Worker-114] INFO  o.a.p.ModelProcessor:73 - Processing root elements
17:18:55.981 [Worker-114] DEBUG o.a.p.ModelProcessor:80 - Processing root elements EActivityHandler: [com.v2solutions.v2students.MainActivity]
17:18:55.983 [Worker-114] INFO  o.a.p.ModelProcessor:104 - Processing enclosed elements
17:18:55.983 [Worker-114] INFO  o.a.AndroidAnnotationProcessor:259 - Number of files generated by AndroidAnnotations: 1
17:18:55.984 [Worker-114] INFO  o.a.g.ApiCodeGenerator:52 - Writting following API classes in project: []
17:18:55.984 [Worker-114] DEBUG o.a.g.SourceCodewriter:55 - Generating class: com.v2solutions.v2students.MainActivity_
17:18:55.986 [Worker-114] INFO  o.a.p.TimeStats:81 - Time measurements: [Whole Processing = 22 ms], [Extract Annotations = 7 ms], [Find R Classes = 4 ms], [Extract Manifest = 3 ms], [Generate Sources = 3 ms], [Validate Annotations = 2 ms], [Process Annotations = 2 ms], 
17:18:55.986 [Worker-114] INFO  o.a.AndroidAnnotationProcessor:131 - Finish processing
17:20:09.602 [Worker-118] INFO  o.a.AndroidAnnotationProcessor:86 - Initialize AndroidAnnotationProcessor with options {phase=BUILD}
17:20:09.604 [Worker-118] INFO  o.a.AndroidAnnotationProcessor:117 - Start processing for 1 annotations on 1 elements
17:20:09.610 [Worker-118] DEBUG o.a.h.AndroidManifestFinder:137 - AndroidManifest.xml file found in parent folder D:\WorkSpaceL\V2Students: D:\WorkSpaceL\V2Students\AndroidManifest.xml
17:20:09.612 [Worker-118] INFO  o.a.AndroidAnnotationProcessor:180 - AndroidManifest.xml found: AndroidManifest [applicationPackage=com.v2solutions.v2students, componentQualifiedNames=[com.v2solutions.v2students.MainActivity_, com.v2solutions.v2students.NewStudentActivity, com.v2solutions.v2students.PassStudentActivity, com.v2solutions.v2students.ShowRank], permissionQualifiedNames=[com.android.launcher.permission.INSTALL_SHORTCUT, com.android.launcher.permission.UNINSTALL_SHORTCUT], applicationClassName=null, libraryProject=false, debugabble=false, minSdkVersion=8, maxSdkVersion=-1, targetSdkVersion=8]
17:20:09.613 [Worker-118] INFO  o.a.r.ProjectRClassFinder:48 - Found project R class: com.v2solutions.v2students.R
17:20:09.614 [Worker-118] INFO  o.a.r.AndroidRClassFinder:44 - Found Android class: android.R
17:20:09.617 [Worker-118] INFO  o.a.p.ModelValidator:42 - Validating elements
17:20:09.618 [Worker-118] DEBUG o.a.p.ModelValidator:62 - Validating with EActivityHandler: [com.v2solutions.v2students.MainActivity]
17:20:09.618 [Worker-118] INFO  o.a.p.ModelProcessor:73 - Processing root elements
17:20:09.619 [Worker-118] DEBUG o.a.p.ModelProcessor:80 - Processing root elements EActivityHandler: [com.v2solutions.v2students.MainActivity]
17:20:09.621 [Worker-118] INFO  o.a.p.ModelProcessor:104 - Processing enclosed elements
17:20:09.621 [Worker-118] INFO  o.a.AndroidAnnotationProcessor:259 - Number of files generated by AndroidAnnotations: 1
17:20:09.622 [Worker-118] INFO  o.a.g.ApiCodeGenerator:52 - Writting following API classes in project: []
17:20:09.622 [Worker-118] DEBUG o.a.g.SourceCodewriter:55 - Generating class: com.v2solutions.v2students.MainActivity_
17:20:09.629 [Worker-118] INFO  o.a.p.TimeStats:81 - Time measurements: [Whole Processing = 25 ms], [Generate Sources = 8 ms], [Extract Annotations = 6 ms], [Find R Classes = 4 ms], [Process Annotations = 3 ms], [Extract Manifest = 2 ms], [Validate Annotations = 1 ms], 
17:20:09.630 [Worker-118] INFO  o.a.AndroidAnnotationProcessor:131 - Finish processing
17:20:39.1 [Worker-116] INFO  o.a.AndroidAnnotationProcessor:86 - Initialize AndroidAnnotationProcessor with options {phase=BUILD}
17:20:39.4 [Worker-116] INFO  o.a.AndroidAnnotationProcessor:117 - Start processing for 1 annotations on 1 elements
17:20:39.12 [Worker-116] DEBUG o.a.h.AndroidManifestFinder:137 - AndroidManifest.xml file found in parent folder D:\WorkSpaceL\V2Students: D:\WorkSpaceL\V2Students\AndroidManifest.xml
17:20:39.14 [Worker-116] INFO  o.a.AndroidAnnotationProcessor:180 - AndroidManifest.xml found: AndroidManifest [applicationPackage=com.v2solutions.v2students, componentQualifiedNames=[com.v2solutions.v2students.MainActivity_, com.v2solutions.v2students.NewStudentActivity, com.v2solutions.v2students.PassStudentActivity, com.v2solutions.v2students.ShowRank], permissionQualifiedNames=[com.android.launcher.permission.INSTALL_SHORTCUT, com.android.launcher.permission.UNINSTALL_SHORTCUT], applicationClassName=null, libraryProject=false, debugabble=false, minSdkVersion=8, maxSdkVersion=-1, targetSdkVersion=8]
17:20:39.14 [Worker-116] INFO  o.a.r.ProjectRClassFinder:48 - Found project R class: com.v2solutions.v2students.R
17:20:39.16 [Worker-116] INFO  o.a.r.AndroidRClassFinder:44 - Found Android class: android.R
17:20:39.19 [Worker-116] INFO  o.a.p.ModelValidator:42 - Validating elements
17:20:39.19 [Worker-116] DEBUG o.a.p.ModelValidator:62 - Validating with EActivityHandler: [com.v2solutions.v2students.MainActivity]
17:20:39.20 [Worker-116] INFO  o.a.p.ModelProcessor:73 - Processing root elements
17:20:39.20 [Worker-116] DEBUG o.a.p.ModelProcessor:80 - Processing root elements EActivityHandler: [com.v2solutions.v2students.MainActivity]
17:20:39.22 [Worker-116] INFO  o.a.p.ModelProcessor:104 - Processing enclosed elements
17:20:39.22 [Worker-116] INFO  o.a.AndroidAnnotationProcessor:259 - Number of files generated by AndroidAnnotations: 1
17:20:39.23 [Worker-116] INFO  o.a.g.ApiCodeGenerator:52 - Writting following API classes in project: []
17:20:39.23 [Worker-116] DEBUG o.a.g.SourceCodewriter:55 - Generating class: com.v2solutions.v2students.MainActivity_
17:20:39.25 [Worker-116] INFO  o.a.p.TimeStats:81 - Time measurements: [Whole Processing = 21 ms], [Extract Annotations = 7 ms], [Find R Classes = 5 ms], [Extract Manifest = 3 ms], [Generate Sources = 3 ms], [Process Annotations = 2 ms], [Validate Annotations = 1 ms], 
17:20:39.25 [Worker-116] INFO  o.a.AndroidAnnotationProcessor:131 - Finish processing
17:21:04.102 [Worker-114] INFO  o.a.AndroidAnnotationProcessor:86 - Initialize AndroidAnnotationProcessor with options {phase=BUILD}
17:21:04.104 [Worker-114] INFO  o.a.AndroidAnnotationProcessor:117 - Start processing for 2 annotations on 1 elements
17:21:04.110 [Worker-114] DEBUG o.a.h.AndroidManifestFinder:137 - AndroidManifest.xml file found in parent folder D:\WorkSpaceL\V2Students: D:\WorkSpaceL\V2Students\AndroidManifest.xml
17:21:04.112 [Worker-114] INFO  o.a.AndroidAnnotationProcessor:180 - AndroidManifest.xml found: AndroidManifest [applicationPackage=com.v2solutions.v2students, componentQualifiedNames=[com.v2solutions.v2students.MainActivity_, com.v2solutions.v2students.NewStudentActivity, com.v2solutions.v2students.PassStudentActivity, com.v2solutions.v2students.ShowRank], permissionQualifiedNames=[com.android.launcher.permission.INSTALL_SHORTCUT, com.android.launcher.permission.UNINSTALL_SHORTCUT], applicationClassName=null, libraryProject=false, debugabble=false, minSdkVersion=8, maxSdkVersion=-1, targetSdkVersion=8]
17:21:04.113 [Worker-114] INFO  o.a.r.ProjectRClassFinder:48 - Found project R class: com.v2solutions.v2students.R
17:21:04.114 [Worker-114] INFO  o.a.r.AndroidRClassFinder:44 - Found Android class: android.R
17:21:04.117 [Worker-114] INFO  o.a.p.ModelValidator:42 - Validating elements
17:21:04.117 [Worker-114] DEBUG o.a.p.ModelValidator:62 - Validating with EActivityHandler: [com.v2solutions.v2students.MainActivity]
17:21:04.118 [Worker-114] DEBUG o.a.p.ModelValidator:62 - Validating with AfterViewsHandler: [void createShortcut() ]
17:21:04.118 [Worker-114] INFO  o.a.p.ModelProcessor:73 - Processing root elements
17:21:04.119 [Worker-114] DEBUG o.a.p.ModelProcessor:80 - Processing root elements EActivityHandler: [com.v2solutions.v2students.MainActivity]
17:21:04.120 [Worker-114] INFO  o.a.p.ModelProcessor:104 - Processing enclosed elements
17:21:04.121 [Worker-114] INFO  o.a.AndroidAnnotationProcessor:259 - Number of files generated by AndroidAnnotations: 1
17:21:04.121 [Worker-114] INFO  o.a.g.ApiCodeGenerator:52 - Writting following API classes in project: []
17:21:04.121 [Worker-114] DEBUG o.a.g.SourceCodewriter:55 - Generating class: com.v2solutions.v2students.MainActivity_
17:21:04.138 [Worker-114] INFO  o.a.p.TimeStats:81 - Time measurements: [Whole Processing = 34 ms], [Generate Sources = 17 ms], [Extract Annotations = 6 ms], [Find R Classes = 4 ms], [Process Annotations = 3 ms], [Extract Manifest = 2 ms], [Validate Annotations = 1 ms], 
17:21:04.138 [Worker-114] INFO  o.a.AndroidAnnotationProcessor:131 - Finish processing
17:21:13.860 [Worker-120] INFO  o.a.AndroidAnnotationProcessor:86 - Initialize AndroidAnnotationProcessor with options {phase=BUILD}
17:21:13.862 [Worker-120] INFO  o.a.AndroidAnnotationProcessor:117 - Start processing for 2 annotations on 1 elements
17:21:13.868 [Worker-120] DEBUG o.a.h.AndroidManifestFinder:137 - AndroidManifest.xml file found in parent folder D:\WorkSpaceL\V2Students: D:\WorkSpaceL\V2Students\AndroidManifest.xml
17:21:13.870 [Worker-120] INFO  o.a.AndroidAnnotationProcessor:180 - AndroidManifest.xml found: AndroidManifest [applicationPackage=com.v2solutions.v2students, componentQualifiedNames=[com.v2solutions.v2students.MainActivity_, com.v2solutions.v2students.NewStudentActivity, com.v2solutions.v2students.PassStudentActivity, com.v2solutions.v2students.ShowRank], permissionQualifiedNames=[com.android.launcher.permission.INSTALL_SHORTCUT, com.android.launcher.permission.UNINSTALL_SHORTCUT], applicationClassName=null, libraryProject=false, debugabble=false, minSdkVersion=8, maxSdkVersion=-1, targetSdkVersion=8]
17:21:13.871 [Worker-120] INFO  o.a.r.ProjectRClassFinder:48 - Found project R class: com.v2solutions.v2students.R
17:21:13.872 [Worker-120] INFO  o.a.r.AndroidRClassFinder:44 - Found Android class: android.R
17:21:13.875 [Worker-120] INFO  o.a.p.ModelValidator:42 - Validating elements
17:21:13.876 [Worker-120] DEBUG o.a.p.ModelValidator:62 - Validating with EActivityHandler: [com.v2solutions.v2students.MainActivity]
17:21:13.877 [Worker-120] DEBUG o.a.p.ModelValidator:62 - Validating with AfterViewsHandler: [void createShortcut() ]
17:21:13.877 [Worker-120] INFO  o.a.p.ModelProcessor:73 - Processing root elements
17:21:13.878 [Worker-120] DEBUG o.a.p.ModelProcessor:80 - Processing root elements EActivityHandler: [com.v2solutions.v2students.MainActivity]
17:21:13.879 [Worker-120] INFO  o.a.p.ModelProcessor:104 - Processing enclosed elements
17:21:13.880 [Worker-120] INFO  o.a.AndroidAnnotationProcessor:259 - Number of files generated by AndroidAnnotations: 1
17:21:13.880 [Worker-120] INFO  o.a.g.ApiCodeGenerator:52 - Writting following API classes in project: []
17:21:13.880 [Worker-120] DEBUG o.a.g.SourceCodewriter:55 - Generating class: com.v2solutions.v2students.MainActivity_
17:21:13.882 [Worker-120] INFO  o.a.p.TimeStats:81 - Time measurements: [Whole Processing = 20 ms], [Extract Annotations = 6 ms], [Find R Classes = 4 ms], [Process Annotations = 3 ms], [Extract Manifest = 2 ms], [Validate Annotations = 2 ms], [Generate Sources = 2 ms], 
17:21:13.882 [Worker-120] INFO  o.a.AndroidAnnotationProcessor:131 - Finish processing
17:25:01.489 [Worker-120] INFO  o.a.AndroidAnnotationProcessor:86 - Initialize AndroidAnnotationProcessor with options {phase=BUILD}
17:25:01.491 [Worker-120] INFO  o.a.AndroidAnnotationProcessor:117 - Start processing for 2 annotations on 1 elements
17:25:01.497 [Worker-120] DEBUG o.a.h.AndroidManifestFinder:137 - AndroidManifest.xml file found in parent folder D:\WorkSpaceL\V2Students: D:\WorkSpaceL\V2Students\AndroidManifest.xml
17:25:01.500 [Worker-120] INFO  o.a.AndroidAnnotationProcessor:180 - AndroidManifest.xml found: AndroidManifest [applicationPackage=com.v2solutions.v2students, componentQualifiedNames=[com.v2solutions.v2students.MainActivity_, com.v2solutions.v2students.NewStudentActivity, com.v2solutions.v2students.PassStudentActivity, com.v2solutions.v2students.ShowRank], permissionQualifiedNames=[com.android.launcher.permission.INSTALL_SHORTCUT, com.android.launcher.permission.UNINSTALL_SHORTCUT], applicationClassName=null, libraryProject=false, debugabble=false, minSdkVersion=8, maxSdkVersion=-1, targetSdkVersion=8]
17:25:01.500 [Worker-120] INFO  o.a.r.ProjectRClassFinder:48 - Found project R class: com.v2solutions.v2students.R
17:25:01.501 [Worker-120] INFO  o.a.r.AndroidRClassFinder:44 - Found Android class: android.R
17:25:01.504 [Worker-120] INFO  o.a.p.ModelValidator:42 - Validating elements
17:25:01.505 [Worker-120] DEBUG o.a.p.ModelValidator:62 - Validating with EActivityHandler: [com.v2solutions.v2students.MainActivity]
17:25:01.505 [Worker-120] DEBUG o.a.p.ModelValidator:62 - Validating with AfterViewsHandler: [void createShortcut() ]
17:25:01.506 [Worker-120] INFO  o.a.p.ModelProcessor:73 - Processing root elements
17:25:01.506 [Worker-120] DEBUG o.a.p.ModelProcessor:80 - Processing root elements EActivityHandler: [com.v2solutions.v2students.MainActivity]
17:25:01.508 [Worker-120] INFO  o.a.p.ModelProcessor:104 - Processing enclosed elements
17:25:01.508 [Worker-120] INFO  o.a.AndroidAnnotationProcessor:259 - Number of files generated by AndroidAnnotations: 1
17:25:01.509 [Worker-120] INFO  o.a.g.ApiCodeGenerator:52 - Writting following API classes in project: []
17:25:01.509 [Worker-120] DEBUG o.a.g.SourceCodewriter:55 - Generating class: com.v2solutions.v2students.MainActivity_
17:25:01.511 [Worker-120] INFO  o.a.p.TimeStats:81 - Time measurements: [Whole Processing = 20 ms], [Extract Annotations = 5 ms], [Find R Classes = 4 ms], [Extract Manifest = 3 ms], [Generate Sources = 3 ms], [Validate Annotations = 2 ms], [Process Annotations = 2 ms], 
17:25:01.511 [Worker-120] INFO  o.a.AndroidAnnotationProcessor:131 - Finish processing
17:27:11.854 [Worker-118] INFO  o.a.AndroidAnnotationProcessor:86 - Initialize AndroidAnnotationProcessor with options {phase=BUILD}
17:27:11.856 [Worker-118] INFO  o.a.AndroidAnnotationProcessor:117 - Start processing for 2 annotations on 1 elements
17:27:11.864 [Worker-118] DEBUG o.a.h.AndroidManifestFinder:137 - AndroidManifest.xml file found in parent folder D:\WorkSpaceL\V2Students: D:\WorkSpaceL\V2Students\AndroidManifest.xml
17:27:11.867 [Worker-118] INFO  o.a.AndroidAnnotationProcessor:180 - AndroidManifest.xml found: AndroidManifest [applicationPackage=com.v2solutions.v2students, componentQualifiedNames=[com.v2solutions.v2students.MainActivity_, com.v2solutions.v2students.NewStudentActivity, com.v2solutions.v2students.PassStudentActivity, com.v2solutions.v2students.ShowRank], permissionQualifiedNames=[com.android.launcher.permission.INSTALL_SHORTCUT, com.android.launcher.permission.UNINSTALL_SHORTCUT], applicationClassName=null, libraryProject=false, debugabble=false, minSdkVersion=8, maxSdkVersion=-1, targetSdkVersion=8]
17:27:11.867 [Worker-118] INFO  o.a.r.ProjectRClassFinder:48 - Found project R class: com.v2solutions.v2students.R
17:27:11.869 [Worker-118] INFO  o.a.r.AndroidRClassFinder:44 - Found Android class: android.R
17:27:11.872 [Worker-118] INFO  o.a.p.ModelValidator:42 - Validating elements
17:27:11.873 [Worker-118] DEBUG o.a.p.ModelValidator:62 - Validating with EActivityHandler: [com.v2solutions.v2students.MainActivity]
17:27:11.874 [Worker-118] DEBUG o.a.p.ModelValidator:62 - Validating with AfterViewsHandler: [void afterViews() ]
17:27:11.874 [Worker-118] INFO  o.a.p.ModelProcessor:73 - Processing root elements
17:27:11.875 [Worker-118] DEBUG o.a.p.ModelProcessor:80 - Processing root elements EActivityHandler: [com.v2solutions.v2students.MainActivity]
17:27:11.877 [Worker-118] INFO  o.a.p.ModelProcessor:104 - Processing enclosed elements
17:27:11.877 [Worker-118] INFO  o.a.AndroidAnnotationProcessor:259 - Number of files generated by AndroidAnnotations: 1
17:27:11.878 [Worker-118] INFO  o.a.g.ApiCodeGenerator:52 - Writting following API classes in project: []
17:27:11.878 [Worker-118] DEBUG o.a.g.SourceCodewriter:55 - Generating class: com.v2solutions.v2students.MainActivity_
17:27:11.893 [Worker-118] INFO  o.a.p.TimeStats:81 - Time measurements: [Whole Processing = 36 ms], [Generate Sources = 15 ms], [Extract Annotations = 7 ms], [Find R Classes = 5 ms], [Extract Manifest = 3 ms], [Process Annotations = 3 ms], [Validate Annotations = 2 ms], 
17:27:11.893 [Worker-118] INFO  o.a.AndroidAnnotationProcessor:131 - Finish processing
17:27:31.138 [Worker-123] INFO  o.a.AndroidAnnotationProcessor:86 - Initialize AndroidAnnotationProcessor with options {phase=BUILD}
17:27:31.140 [Worker-123] INFO  o.a.AndroidAnnotationProcessor:117 - Start processing for 2 annotations on 2 elements
17:27:31.146 [Worker-123] DEBUG o.a.h.AndroidManifestFinder:137 - AndroidManifest.xml file found in parent folder D:\WorkSpaceL\V2Students: D:\WorkSpaceL\V2Students\AndroidManifest.xml
17:27:31.148 [Worker-123] INFO  o.a.AndroidAnnotationProcessor:180 - AndroidManifest.xml found: AndroidManifest [applicationPackage=com.v2solutions.v2students, componentQualifiedNames=[com.v2solutions.v2students.MainActivity_, com.v2solutions.v2students.NewStudentActivity, com.v2solutions.v2students.PassStudentActivity, com.v2solutions.v2students.ShowRank], permissionQualifiedNames=[com.android.launcher.permission.INSTALL_SHORTCUT, com.android.launcher.permission.UNINSTALL_SHORTCUT], applicationClassName=null, libraryProject=false, debugabble=false, minSdkVersion=8, maxSdkVersion=-1, targetSdkVersion=8]
17:27:31.149 [Worker-123] INFO  o.a.r.ProjectRClassFinder:48 - Found project R class: com.v2solutions.v2students.R
17:27:31.149 [Worker-123] INFO  o.a.r.AndroidRClassFinder:44 - Found Android class: android.R
17:27:31.152 [Worker-123] INFO  o.a.p.ModelValidator:42 - Validating elements
17:27:31.153 [Worker-123] DEBUG o.a.p.ModelValidator:62 - Validating with EActivityHandler: [com.v2solutions.v2students.MainActivity]
17:27:31.153 [Worker-123] DEBUG o.a.p.ModelValidator:62 - Validating with AfterViewsHandler: [void afterViews() ]
17:27:31.154 [Worker-123] INFO  o.a.p.ModelProcessor:73 - Processing root elements
17:27:31.154 [Worker-123] DEBUG o.a.p.ModelProcessor:80 - Processing root elements EActivityHandler: [com.v2solutions.v2students.MainActivity]
17:27:31.156 [Worker-123] INFO  o.a.p.ModelProcessor:104 - Processing enclosed elements
17:27:31.157 [Worker-123] INFO  o.a.AndroidAnnotationProcessor:259 - Number of files generated by AndroidAnnotations: 1
17:27:31.157 [Worker-123] INFO  o.a.g.ApiCodeGenerator:52 - Writting following API classes in project: []
17:27:31.157 [Worker-123] DEBUG o.a.g.SourceCodewriter:55 - Generating class: com.v2solutions.v2students.MainActivity_
17:27:31.159 [Worker-123] INFO  o.a.p.TimeStats:81 - Time measurements: [Whole Processing = 19 ms], [Extract Annotations = 5 ms], [Find R Classes = 3 ms], [Process Annotations = 3 ms], [Extract Manifest = 2 ms], [Validate Annotations = 2 ms], [Generate Sources = 2 ms], 
17:27:31.160 [Worker-123] INFO  o.a.AndroidAnnotationProcessor:131 - Finish processing
17:29:05.774 [Worker-120] INFO  o.a.AndroidAnnotationProcessor:86 - Initialize AndroidAnnotationProcessor with options {phase=BUILD}
17:29:05.775 [Worker-120] INFO  o.a.AndroidAnnotationProcessor:117 - Start processing for 2 annotations on 2 elements
17:29:05.782 [Worker-120] DEBUG o.a.h.AndroidManifestFinder:137 - AndroidManifest.xml file found in parent folder D:\WorkSpaceL\V2Students: D:\WorkSpaceL\V2Students\AndroidManifest.xml
17:29:05.784 [Worker-120] INFO  o.a.AndroidAnnotationProcessor:180 - AndroidManifest.xml found: AndroidManifest [applicationPackage=com.v2solutions.v2students, componentQualifiedNames=[com.v2solutions.v2students.MainActivity_, com.v2solutions.v2students.NewStudentActivity, com.v2solutions.v2students.PassStudentActivity, com.v2solutions.v2students.ShowRank], permissionQualifiedNames=[com.android.launcher.permission.INSTALL_SHORTCUT, com.android.launcher.permission.UNINSTALL_SHORTCUT], applicationClassName=null, libraryProject=false, debugabble=false, minSdkVersion=8, maxSdkVersion=-1, targetSdkVersion=8]
17:29:05.784 [Worker-120] INFO  o.a.r.ProjectRClassFinder:48 - Found project R class: com.v2solutions.v2students.R
17:29:05.785 [Worker-120] INFO  o.a.r.AndroidRClassFinder:44 - Found Android class: android.R
17:29:05.788 [Worker-120] INFO  o.a.p.ModelValidator:42 - Validating elements
17:29:05.788 [Worker-120] DEBUG o.a.p.ModelValidator:62 - Validating with EActivityHandler: [com.v2solutions.v2students.MainActivity]
17:29:05.789 [Worker-120] DEBUG o.a.p.ModelValidator:62 - Validating with AfterViewsHandler: [void afterViews() ]
17:29:05.789 [Worker-120] INFO  o.a.p.ModelProcessor:73 - Processing root elements
17:29:05.790 [Worker-120] DEBUG o.a.p.ModelProcessor:80 - Processing root elements EActivityHandler: [com.v2solutions.v2students.MainActivity]
17:29:05.791 [Worker-120] INFO  o.a.p.ModelProcessor:104 - Processing enclosed elements
17:29:05.792 [Worker-120] INFO  o.a.AndroidAnnotationProcessor:259 - Number of files generated by AndroidAnnotations: 1
17:29:05.792 [Worker-120] INFO  o.a.g.ApiCodeGenerator:52 - Writting following API classes in project: []
17:29:05.792 [Worker-120] DEBUG o.a.g.SourceCodewriter:55 - Generating class: com.v2solutions.v2students.MainActivity_
17:29:05.794 [Worker-120] INFO  o.a.p.TimeStats:81 - Time measurements: [Whole Processing = 19 ms], [Extract Annotations = 5 ms], [Extract Manifest = 3 ms], [Find R Classes = 3 ms], [Process Annotations = 3 ms], [Generate Sources = 2 ms], [Validate Annotations = 1 ms], 
17:29:05.795 [Worker-120] INFO  o.a.AndroidAnnotationProcessor:131 - Finish processing
17:29:38.441 [Worker-120] INFO  o.a.AndroidAnnotationProcessor:86 - Initialize AndroidAnnotationProcessor with options {phase=BUILD}
17:29:38.444 [Worker-120] INFO  o.a.AndroidAnnotationProcessor:117 - Start processing for 2 annotations on 2 elements
17:29:38.450 [Worker-120] DEBUG o.a.h.AndroidManifestFinder:137 - AndroidManifest.xml file found in parent folder D:\WorkSpaceL\V2Students: D:\WorkSpaceL\V2Students\AndroidManifest.xml
17:29:38.452 [Worker-120] INFO  o.a.AndroidAnnotationProcessor:180 - AndroidManifest.xml found: AndroidManifest [applicationPackage=com.v2solutions.v2students, componentQualifiedNames=[com.v2solutions.v2students.MainActivity_, com.v2solutions.v2students.NewStudentActivity, com.v2solutions.v2students.PassStudentActivity, com.v2solutions.v2students.ShowRank], permissionQualifiedNames=[com.android.launcher.permission.INSTALL_SHORTCUT, com.android.launcher.permission.UNINSTALL_SHORTCUT], applicationClassName=null, libraryProject=false, debugabble=false, minSdkVersion=8, maxSdkVersion=-1, targetSdkVersion=8]
17:29:38.452 [Worker-120] INFO  o.a.r.ProjectRClassFinder:48 - Found project R class: com.v2solutions.v2students.R
17:29:38.453 [Worker-120] INFO  o.a.r.AndroidRClassFinder:44 - Found Android class: android.R
17:29:38.456 [Worker-120] INFO  o.a.p.ModelValidator:42 - Validating elements
17:29:38.456 [Worker-120] DEBUG o.a.p.ModelValidator:62 - Validating with EActivityHandler: [com.v2solutions.v2students.MainActivity]
17:29:38.457 [Worker-120] DEBUG o.a.p.ModelValidator:62 - Validating with AfterViewsHandler: [void afterViews() ]
17:29:38.457 [Worker-120] INFO  o.a.p.ModelProcessor:73 - Processing root elements
17:29:38.458 [Worker-120] DEBUG o.a.p.ModelProcessor:80 - Processing root elements EActivityHandler: [com.v2solutions.v2students.MainActivity]
17:29:38.459 [Worker-120] INFO  o.a.p.ModelProcessor:104 - Processing enclosed elements
17:29:38.460 [Worker-120] INFO  o.a.AndroidAnnotationProcessor:259 - Number of files generated by AndroidAnnotations: 1
17:29:38.460 [Worker-120] INFO  o.a.g.ApiCodeGenerator:52 - Writting following API classes in project: []
17:29:38.460 [Worker-120] DEBUG o.a.g.SourceCodewriter:55 - Generating class: com.v2solutions.v2students.MainActivity_
17:29:38.462 [Worker-120] INFO  o.a.p.TimeStats:81 - Time measurements: [Whole Processing = 18 ms], [Extract Annotations = 6 ms], [Find R Classes = 4 ms], [Process Annotations = 3 ms], [Extract Manifest = 2 ms], [Generate Sources = 2 ms], [Validate Annotations = 1 ms], 
17:29:38.463 [Worker-120] INFO  o.a.AndroidAnnotationProcessor:131 - Finish processing
17:30:08.423 [Worker-123] INFO  o.a.AndroidAnnotationProcessor:86 - Initialize AndroidAnnotationProcessor with options {phase=BUILD}
17:30:08.425 [Worker-123] INFO  o.a.AndroidAnnotationProcessor:117 - Start processing for 2 annotations on 1 elements
17:30:08.431 [Worker-123] DEBUG o.a.h.AndroidManifestFinder:137 - AndroidManifest.xml file found in parent folder D:\WorkSpaceL\V2Students: D:\WorkSpaceL\V2Students\AndroidManifest.xml
17:30:08.434 [Worker-123] INFO  o.a.AndroidAnnotationProcessor:180 - AndroidManifest.xml found: AndroidManifest [applicationPackage=com.v2solutions.v2students, componentQualifiedNames=[com.v2solutions.v2students.MainActivity_, com.v2solutions.v2students.NewStudentActivity, com.v2solutions.v2students.PassStudentActivity, com.v2solutions.v2students.ShowRank], permissionQualifiedNames=[com.android.launcher.permission.INSTALL_SHORTCUT, com.android.launcher.permission.UNINSTALL_SHORTCUT], applicationClassName=null, libraryProject=false, debugabble=false, minSdkVersion=8, maxSdkVersion=-1, targetSdkVersion=8]
17:30:08.434 [Worker-123] INFO  o.a.r.ProjectRClassFinder:48 - Found project R class: com.v2solutions.v2students.R
17:30:08.436 [Worker-123] INFO  o.a.r.AndroidRClassFinder:44 - Found Android class: android.R
17:30:08.439 [Worker-123] INFO  o.a.p.ModelValidator:42 - Validating elements
17:30:08.439 [Worker-123] DEBUG o.a.p.ModelValidator:62 - Validating with EActivityHandler: [com.v2solutions.v2students.MainActivity]
17:30:08.440 [Worker-123] DEBUG o.a.p.ModelValidator:62 - Validating with AfterViewsHandler: [void afterViews() ]
17:30:08.440 [Worker-123] INFO  o.a.p.ModelProcessor:73 - Processing root elements
17:30:08.441 [Worker-123] DEBUG o.a.p.ModelProcessor:80 - Processing root elements EActivityHandler: [com.v2solutions.v2students.MainActivity]
17:30:08.442 [Worker-123] INFO  o.a.p.ModelProcessor:104 - Processing enclosed elements
17:30:08.443 [Worker-123] INFO  o.a.AndroidAnnotationProcessor:259 - Number of files generated by AndroidAnnotations: 1
17:30:08.443 [Worker-123] INFO  o.a.g.ApiCodeGenerator:52 - Writting following API classes in project: []
17:30:08.444 [Worker-123] DEBUG o.a.g.SourceCodewriter:55 - Generating class: com.v2solutions.v2students.MainActivity_
17:30:08.446 [Worker-123] INFO  o.a.p.TimeStats:81 - Time measurements: [Whole Processing = 21 ms], [Extract Annotations = 5 ms], [Find R Classes = 5 ms], [Extract Manifest = 3 ms], [Process Annotations = 3 ms], [Generate Sources = 3 ms], [Validate Annotations = 1 ms], 
17:30:08.446 [Worker-123] INFO  o.a.AndroidAnnotationProcessor:131 - Finish processing
17:32:16.654 [Worker-123] INFO  o.a.AndroidAnnotationProcessor:86 - Initialize AndroidAnnotationProcessor with options {phase=BUILD}
17:32:16.672 [Worker-123] INFO  o.a.AndroidAnnotationProcessor:117 - Start processing for 2 annotations on 3 elements
17:32:16.678 [Worker-123] DEBUG o.a.h.AndroidManifestFinder:137 - AndroidManifest.xml file found in parent folder D:\WorkSpaceL\V2Students: D:\WorkSpaceL\V2Students\AndroidManifest.xml
17:32:16.680 [Worker-123] INFO  o.a.AndroidAnnotationProcessor:180 - AndroidManifest.xml found: AndroidManifest [applicationPackage=com.v2solutions.v2students, componentQualifiedNames=[com.v2solutions.v2students.MainActivity_, com.v2solutions.v2students.NewStudentActivity, com.v2solutions.v2students.PassStudentActivity, com.v2solutions.v2students.ShowRank], permissionQualifiedNames=[com.android.launcher.permission.INSTALL_SHORTCUT, com.android.launcher.permission.UNINSTALL_SHORTCUT], applicationClassName=null, libraryProject=false, debugabble=false, minSdkVersion=8, maxSdkVersion=-1, targetSdkVersion=8]
17:32:16.680 [Worker-123] INFO  o.a.r.ProjectRClassFinder:48 - Found project R class: com.v2solutions.v2students.R
17:32:16.682 [Worker-123] INFO  o.a.r.AndroidRClassFinder:44 - Found Android class: android.R
17:32:16.685 [Worker-123] INFO  o.a.p.ModelValidator:42 - Validating elements
17:32:16.685 [Worker-123] DEBUG o.a.p.ModelValidator:62 - Validating with EActivityHandler: [com.v2solutions.v2students.MainActivity]
17:32:16.686 [Worker-123] DEBUG o.a.p.ModelValidator:62 - Validating with AfterViewsHandler: [void afterViews() ]
17:32:16.687 [Worker-123] INFO  o.a.p.ModelProcessor:73 - Processing root elements
17:32:16.687 [Worker-123] DEBUG o.a.p.ModelProcessor:80 - Processing root elements EActivityHandler: [com.v2solutions.v2students.MainActivity]
17:32:16.688 [Worker-123] INFO  o.a.p.ModelProcessor:104 - Processing enclosed elements
17:32:16.688 [Worker-123] DEBUG o.a.p.ModelProcessor:116 - Processing enclosed elements with AfterViewsHandler: [org.androidannotations.model.AnnotationElements$AnnotatedAndRootElements@1314ed]
17:32:16.689 [Worker-123] INFO  o.a.AndroidAnnotationProcessor:259 - Number of files generated by AndroidAnnotations: 1
17:32:16.689 [Worker-123] INFO  o.a.g.ApiCodeGenerator:52 - Writting following API classes in project: []
17:32:16.689 [Worker-123] DEBUG o.a.g.SourceCodewriter:55 - Generating class: com.v2solutions.v2students.MainActivity_
17:32:16.691 [Worker-123] INFO  o.a.p.TimeStats:81 - Time measurements: [Whole Processing = 19 ms], [Extract Annotations = 5 ms], [Find R Classes = 5 ms], [Process Annotations = 3 ms], [Extract Manifest = 2 ms], [Generate Sources = 2 ms], [Validate Annotations = 1 ms], 
17:32:16.692 [Worker-123] INFO  o.a.AndroidAnnotationProcessor:131 - Finish processing
17:32:40.544 [Worker-120] INFO  o.a.AndroidAnnotationProcessor:86 - Initialize AndroidAnnotationProcessor with options {phase=BUILD}
17:34:04.605 [Worker-129] INFO  o.a.AndroidAnnotationProcessor:86 - Initialize AndroidAnnotationProcessor with options {phase=BUILD}
17:34:04.608 [Worker-129] INFO  o.a.AndroidAnnotationProcessor:117 - Start processing for 2 annotations on 1 elements
17:34:04.618 [Worker-129] DEBUG o.a.h.AndroidManifestFinder:137 - AndroidManifest.xml file found in parent folder D:\WorkSpaceL\V2Students: D:\WorkSpaceL\V2Students\AndroidManifest.xml
17:34:04.620 [Worker-129] INFO  o.a.AndroidAnnotationProcessor:180 - AndroidManifest.xml found: AndroidManifest [applicationPackage=com.v2solutions.v2students, componentQualifiedNames=[com.v2solutions.v2students.MainActivity_, com.v2solutions.v2students.NewStudentActivity, com.v2solutions.v2students.PassStudentActivity, com.v2solutions.v2students.ShowRank], permissionQualifiedNames=[com.android.launcher.permission.INSTALL_SHORTCUT, com.android.launcher.permission.UNINSTALL_SHORTCUT], applicationClassName=null, libraryProject=false, debugabble=false, minSdkVersion=8, maxSdkVersion=-1, targetSdkVersion=8]
17:34:04.621 [Worker-129] INFO  o.a.r.ProjectRClassFinder:48 - Found project R class: com.v2solutions.v2students.R
17:34:04.622 [Worker-129] INFO  o.a.r.AndroidRClassFinder:44 - Found Android class: android.R
17:34:04.625 [Worker-129] INFO  o.a.p.ModelValidator:42 - Validating elements
17:34:04.626 [Worker-129] DEBUG o.a.p.ModelValidator:62 - Validating with EActivityHandler: [com.v2solutions.v2students.MainActivity]
17:34:04.627 [Worker-129] DEBUG o.a.p.ModelValidator:62 - Validating with AfterViewsHandler: [void afterViews() ]
17:34:04.628 [Worker-129] INFO  o.a.p.ModelProcessor:73 - Processing root elements
17:34:04.628 [Worker-129] DEBUG o.a.p.ModelProcessor:80 - Processing root elements EActivityHandler: [com.v2solutions.v2students.MainActivity]
17:34:04.630 [Worker-129] INFO  o.a.p.ModelProcessor:104 - Processing enclosed elements
17:34:04.631 [Worker-129] INFO  o.a.AndroidAnnotationProcessor:259 - Number of files generated by AndroidAnnotations: 1
17:34:04.631 [Worker-129] INFO  o.a.g.ApiCodeGenerator:52 - Writting following API classes in project: []
17:34:04.631 [Worker-129] DEBUG o.a.g.SourceCodewriter:55 - Generating class: com.v2solutions.v2students.MainActivity_
17:34:04.634 [Worker-129] INFO  o.a.p.TimeStats:81 - Time measurements: [Whole Processing = 25 ms], [Extract Annotations = 9 ms], [Find R Classes = 4 ms], [Process Annotations = 4 ms], [Extract Manifest = 2 ms], [Validate Annotations = 2 ms], [Generate Sources = 2 ms], 
17:34:04.634 [Worker-129] INFO  o.a.AndroidAnnotationProcessor:131 - Finish processing
17:38:22.359 [ModalContext] INFO  o.a.AndroidAnnotationProcessor:86 - Initialize AndroidAnnotationProcessor with options {phase=BUILD}
17:38:22.361 [ModalContext] INFO  o.a.AndroidAnnotationProcessor:117 - Start processing for 2 annotations on 7 elements
17:38:22.368 [ModalContext] DEBUG o.a.h.AndroidManifestFinder:137 - AndroidManifest.xml file found in parent folder D:\WorkSpaceL\V2Students: D:\WorkSpaceL\V2Students\AndroidManifest.xml
17:38:22.370 [ModalContext] INFO  o.a.AndroidAnnotationProcessor:180 - AndroidManifest.xml found: AndroidManifest [applicationPackage=com.v2solutions.v2students, componentQualifiedNames=[com.v2solutions.v2students.MainActivity_, com.v2solutions.v2students.NewStudentActivity, com.v2solutions.v2students.PassStudentActivity, com.v2solutions.v2students.ShowRank], permissionQualifiedNames=[com.android.launcher.permission.INSTALL_SHORTCUT, com.android.launcher.permission.UNINSTALL_SHORTCUT], applicationClassName=null, libraryProject=false, debugabble=false, minSdkVersion=8, maxSdkVersion=-1, targetSdkVersion=8]
17:38:22.370 [ModalContext] INFO  o.a.r.ProjectRClassFinder:48 - Found project R class: com.v2solutions.v2students.R
17:38:22.371 [ModalContext] INFO  o.a.r.AndroidRClassFinder:44 - Found Android class: android.R
17:38:22.374 [ModalContext] INFO  o.a.p.ModelValidator:42 - Validating elements
17:38:22.374 [ModalContext] DEBUG o.a.p.ModelValidator:62 - Validating with EActivityHandler: [com.v2solutions.v2students.MainActivity]
17:38:22.375 [ModalContext] DEBUG o.a.p.ModelValidator:62 - Validating with AfterViewsHandler: [void afterViews() ]
17:38:22.375 [ModalContext] INFO  o.a.p.ModelProcessor:73 - Processing root elements
17:38:22.376 [ModalContext] DEBUG o.a.p.ModelProcessor:80 - Processing root elements EActivityHandler: [com.v2solutions.v2students.MainActivity]
17:38:22.377 [ModalContext] INFO  o.a.p.ModelProcessor:104 - Processing enclosed elements
17:38:22.378 [ModalContext] INFO  o.a.AndroidAnnotationProcessor:259 - Number of files generated by AndroidAnnotations: 1
17:38:22.378 [ModalContext] INFO  o.a.g.ApiCodeGenerator:52 - Writting following API classes in project: []
17:38:22.379 [ModalContext] DEBUG o.a.g.SourceCodewriter:55 - Generating class: com.v2solutions.v2students.MainActivity_
17:38:22.383 [ModalContext] INFO  o.a.p.TimeStats:81 - Time measurements: [Whole Processing = 21 ms], [Extract Annotations = 6 ms], [Generate Sources = 4 ms], [Find R Classes = 3 ms], [Process Annotations = 3 ms], [Extract Manifest = 2 ms], [Validate Annotations = 1 ms], 
17:38:22.383 [ModalContext] INFO  o.a.AndroidAnnotationProcessor:131 - Finish processing
17:38:22.645 [Worker-130] INFO  o.a.AndroidAnnotationProcessor:86 - Initialize AndroidAnnotationProcessor with options {phase=BUILD}
17:38:22.865 [ModalContext] INFO  o.a.AndroidAnnotationProcessor:86 - Initialize AndroidAnnotationProcessor with options {phase=BUILD}
17:38:22.866 [ModalContext] INFO  o.a.AndroidAnnotationProcessor:117 - Start processing for 2 annotations on 7 elements
17:38:22.873 [ModalContext] DEBUG o.a.h.AndroidManifestFinder:137 - AndroidManifest.xml file found in parent folder D:\WorkSpaceL\V2Students: D:\WorkSpaceL\V2Students\AndroidManifest.xml
17:38:22.874 [ModalContext] INFO  o.a.AndroidAnnotationProcessor:180 - AndroidManifest.xml found: AndroidManifest [applicationPackage=com.v2solutions.v2students, componentQualifiedNames=[com.v2solutions.v2students.MainActivity_, com.v2solutions.v2students.NewStudentActivity, com.v2solutions.v2students.PassStudentActivity, com.v2solutions.v2students.ShowRank], permissionQualifiedNames=[com.android.launcher.permission.INSTALL_SHORTCUT, com.android.launcher.permission.UNINSTALL_SHORTCUT], applicationClassName=null, libraryProject=false, debugabble=false, minSdkVersion=8, maxSdkVersion=-1, targetSdkVersion=8]
17:38:22.875 [ModalContext] INFO  o.a.r.ProjectRClassFinder:48 - Found project R class: com.v2solutions.v2students.R
17:38:22.875 [ModalContext] INFO  o.a.r.AndroidRClassFinder:44 - Found Android class: android.R
17:38:22.878 [ModalContext] INFO  o.a.p.ModelValidator:42 - Validating elements
17:38:22.879 [ModalContext] DEBUG o.a.p.ModelValidator:62 - Validating with EActivityHandler: [com.v2solutions.v2students.MainActivity]
17:38:22.879 [ModalContext] DEBUG o.a.p.ModelValidator:62 - Validating with AfterViewsHandler: [void afterViews() ]
17:38:22.880 [ModalContext] INFO  o.a.p.ModelProcessor:73 - Processing root elements
17:38:22.880 [ModalContext] DEBUG o.a.p.ModelProcessor:80 - Processing root elements EActivityHandler: [com.v2solutions.v2students.MainActivity]
17:38:22.881 [ModalContext] INFO  o.a.p.ModelProcessor:104 - Processing enclosed elements
17:38:22.882 [ModalContext] INFO  o.a.AndroidAnnotationProcessor:259 - Number of files generated by AndroidAnnotations: 1
17:38:22.882 [ModalContext] INFO  o.a.g.ApiCodeGenerator:52 - Writting following API classes in project: []
17:38:22.883 [ModalContext] DEBUG o.a.g.SourceCodewriter:55 - Generating class: com.v2solutions.v2students.MainActivity_
17:38:22.887 [ModalContext] INFO  o.a.p.TimeStats:81 - Time measurements: [Whole Processing = 21 ms], [Extract Annotations = 5 ms], [Generate Sources = 5 ms], [Find R Classes = 3 ms], [Extract Manifest = 2 ms], [Validate Annotations = 2 ms], [Process Annotations = 2 ms], 
17:38:22.887 [ModalContext] INFO  o.a.AndroidAnnotationProcessor:131 - Finish processing
17:38:23.795 [Worker-131] INFO  o.a.AndroidAnnotationProcessor:86 - Initialize AndroidAnnotationProcessor with options {phase=BUILD}
18:43:20.583 [Worker-169] INFO  o.a.AndroidAnnotationProcessor:86 - Initialize AndroidAnnotationProcessor with options {phase=BUILD}
18:43:20.613 [Worker-169] INFO  o.a.AndroidAnnotationProcessor:117 - Start processing for 2 annotations on 1 elements
18:43:20.634 [Worker-169] DEBUG o.a.h.AndroidManifestFinder:137 - AndroidManifest.xml file found in parent folder D:\WorkSpaceL\V2Students: D:\WorkSpaceL\V2Students\AndroidManifest.xml
18:43:20.661 [Worker-169] INFO  o.a.AndroidAnnotationProcessor:180 - AndroidManifest.xml found: AndroidManifest [applicationPackage=com.v2solutions.v2students, componentQualifiedNames=[com.v2solutions.v2students.MainActivity_, com.v2solutions.v2students.NewStudentActivity, com.v2solutions.v2students.PassStudentActivity, com.v2solutions.v2students.ShowRank], permissionQualifiedNames=[com.android.launcher.permission.INSTALL_SHORTCUT, com.android.launcher.permission.UNINSTALL_SHORTCUT], applicationClassName=null, libraryProject=false, debugabble=false, minSdkVersion=8, maxSdkVersion=-1, targetSdkVersion=8]
18:43:20.661 [Worker-169] INFO  o.a.r.ProjectRClassFinder:48 - Found project R class: com.v2solutions.v2students.R
18:43:20.687 [Worker-169] INFO  o.a.r.AndroidRClassFinder:44 - Found Android class: android.R
18:43:20.696 [Worker-169] INFO  o.a.p.ModelValidator:42 - Validating elements
18:43:20.697 [Worker-169] DEBUG o.a.p.ModelValidator:62 - Validating with EActivityHandler: [com.v2solutions.v2students.MainActivity]
18:43:20.698 [Worker-169] DEBUG o.a.p.ModelValidator:62 - Validating with AfterViewsHandler: [void afterViews() ]
18:43:20.699 [Worker-169] INFO  o.a.p.ModelProcessor:73 - Processing root elements
18:43:20.700 [Worker-169] DEBUG o.a.p.ModelProcessor:80 - Processing root elements EActivityHandler: [com.v2solutions.v2students.MainActivity]
18:43:20.703 [Worker-169] INFO  o.a.p.ModelProcessor:104 - Processing enclosed elements
18:43:20.704 [Worker-169] INFO  o.a.AndroidAnnotationProcessor:259 - Number of files generated by AndroidAnnotations: 1
18:43:20.705 [Worker-169] INFO  o.a.g.ApiCodeGenerator:52 - Writting following API classes in project: []
18:43:20.705 [Worker-169] DEBUG o.a.g.SourceCodewriter:55 - Generating class: com.v2solutions.v2students.MainActivity_
18:43:20.709 [Worker-169] INFO  o.a.p.TimeStats:81 - Time measurements: [Whole Processing = 96 ms], [Find R Classes = 35 ms], [Extract Manifest = 26 ms], [Extract Annotations = 20 ms], [Process Annotations = 5 ms], [Generate Sources = 5 ms], [Validate Annotations = 3 ms], 
18:43:20.709 [Worker-169] INFO  o.a.AndroidAnnotationProcessor:131 - Finish processing
18:45:59.124 [ModalContext] INFO  o.a.AndroidAnnotationProcessor:86 - Initialize AndroidAnnotationProcessor with options {phase=BUILD}
18:45:59.126 [ModalContext] INFO  o.a.AndroidAnnotationProcessor:117 - Start processing for 2 annotations on 7 elements
18:45:59.132 [ModalContext] DEBUG o.a.h.AndroidManifestFinder:137 - AndroidManifest.xml file found in parent folder D:\WorkSpaceL\V2Students: D:\WorkSpaceL\V2Students\AndroidManifest.xml
18:45:59.134 [ModalContext] INFO  o.a.AndroidAnnotationProcessor:180 - AndroidManifest.xml found: AndroidManifest [applicationPackage=com.v2solutions.v2students, componentQualifiedNames=[com.v2solutions.v2students.MainActivity_, com.v2solutions.v2students.NewStudentActivity, com.v2solutions.v2students.PassStudentActivity, com.v2solutions.v2students.ShowRank], permissionQualifiedNames=[com.android.launcher.permission.INSTALL_SHORTCUT, com.android.launcher.permission.UNINSTALL_SHORTCUT], applicationClassName=null, libraryProject=false, debugabble=false, minSdkVersion=8, maxSdkVersion=-1, targetSdkVersion=8]
18:45:59.135 [ModalContext] INFO  o.a.r.ProjectRClassFinder:48 - Found project R class: com.v2solutions.v2students.R
18:45:59.135 [ModalContext] INFO  o.a.r.AndroidRClassFinder:44 - Found Android class: android.R
18:45:59.139 [ModalContext] INFO  o.a.p.ModelValidator:42 - Validating elements
18:45:59.139 [ModalContext] DEBUG o.a.p.ModelValidator:62 - Validating with EActivityHandler: [com.v2solutions.v2students.MainActivity]
18:45:59.140 [ModalContext] DEBUG o.a.p.ModelValidator:62 - Validating with AfterViewsHandler: [void afterViews() ]
18:45:59.140 [ModalContext] INFO  o.a.p.ModelProcessor:73 - Processing root elements
18:45:59.141 [ModalContext] DEBUG o.a.p.ModelProcessor:80 - Processing root elements EActivityHandler: [com.v2solutions.v2students.MainActivity]
18:45:59.142 [ModalContext] INFO  o.a.p.ModelProcessor:104 - Processing enclosed elements
18:45:59.142 [ModalContext] INFO  o.a.AndroidAnnotationProcessor:259 - Number of files generated by AndroidAnnotations: 1
18:45:59.143 [ModalContext] INFO  o.a.g.ApiCodeGenerator:52 - Writting following API classes in project: []
18:45:59.143 [ModalContext] DEBUG o.a.g.SourceCodewriter:55 - Generating class: com.v2solutions.v2students.MainActivity_
18:45:59.147 [ModalContext] INFO  o.a.p.TimeStats:81 - Time measurements: [Whole Processing = 21 ms], [Extract Annotations = 6 ms], [Generate Sources = 5 ms], [Find R Classes = 3 ms], [Extract Manifest = 2 ms], [Process Annotations = 2 ms], [Validate Annotations = 1 ms], 
18:45:59.147 [ModalContext] INFO  o.a.AndroidAnnotationProcessor:131 - Finish processing
18:45:59.425 [Worker-172] INFO  o.a.AndroidAnnotationProcessor:86 - Initialize AndroidAnnotationProcessor with options {phase=BUILD}
18:45:59.605 [ModalContext] INFO  o.a.AndroidAnnotationProcessor:86 - Initialize AndroidAnnotationProcessor with options {phase=BUILD}
18:45:59.606 [ModalContext] INFO  o.a.AndroidAnnotationProcessor:117 - Start processing for 2 annotations on 7 elements
18:45:59.613 [ModalContext] DEBUG o.a.h.AndroidManifestFinder:137 - AndroidManifest.xml file found in parent folder D:\WorkSpaceL\V2Students: D:\WorkSpaceL\V2Students\AndroidManifest.xml
18:45:59.614 [ModalContext] INFO  o.a.AndroidAnnotationProcessor:180 - AndroidManifest.xml found: AndroidManifest [applicationPackage=com.v2solutions.v2students, componentQualifiedNames=[com.v2solutions.v2students.MainActivity_, com.v2solutions.v2students.NewStudentActivity, com.v2solutions.v2students.PassStudentActivity, com.v2solutions.v2students.ShowRank], permissionQualifiedNames=[com.android.launcher.permission.INSTALL_SHORTCUT, com.android.launcher.permission.UNINSTALL_SHORTCUT], applicationClassName=null, libraryProject=false, debugabble=false, minSdkVersion=8, maxSdkVersion=-1, targetSdkVersion=8]
18:45:59.615 [ModalContext] INFO  o.a.r.ProjectRClassFinder:48 - Found project R class: com.v2solutions.v2students.R
18:45:59.615 [ModalContext] INFO  o.a.r.AndroidRClassFinder:44 - Found Android class: android.R
18:45:59.618 [ModalContext] INFO  o.a.p.ModelValidator:42 - Validating elements
18:45:59.619 [ModalContext] DEBUG o.a.p.ModelValidator:62 - Validating with EActivityHandler: [com.v2solutions.v2students.MainActivity]
18:45:59.619 [ModalContext] DEBUG o.a.p.ModelValidator:62 - Validating with AfterViewsHandler: [void afterViews() ]
18:45:59.620 [ModalContext] INFO  o.a.p.ModelProcessor:73 - Processing root elements
18:45:59.620 [ModalContext] DEBUG o.a.p.ModelProcessor:80 - Processing root elements EActivityHandler: [com.v2solutions.v2students.MainActivity]
18:45:59.621 [ModalContext] INFO  o.a.p.ModelProcessor:104 - Processing enclosed elements
18:45:59.622 [ModalContext] INFO  o.a.AndroidAnnotationProcessor:259 - Number of files generated by AndroidAnnotations: 1
18:45:59.622 [ModalContext] INFO  o.a.g.ApiCodeGenerator:52 - Writting following API classes in project: []
18:45:59.623 [ModalContext] DEBUG o.a.g.SourceCodewriter:55 - Generating class: com.v2solutions.v2students.MainActivity_
18:45:59.626 [ModalContext] INFO  o.a.p.TimeStats:81 - Time measurements: [Whole Processing = 20 ms], [Extract Annotations = 5 ms], [Generate Sources = 4 ms], [Find R Classes = 3 ms], [Extract Manifest = 2 ms], [Validate Annotations = 2 ms], [Process Annotations = 2 ms], 
18:45:59.627 [ModalContext] INFO  o.a.AndroidAnnotationProcessor:131 - Finish processing
18:46:00.577 [Worker-174] INFO  o.a.AndroidAnnotationProcessor:86 - Initialize AndroidAnnotationProcessor with options {phase=BUILD}
19:08:09.849 [ModalContext] INFO  o.a.AndroidAnnotationProcessor:86 - Initialize AndroidAnnotationProcessor with options {phase=BUILD}
19:08:09.851 [ModalContext] INFO  o.a.AndroidAnnotationProcessor:117 - Start processing for 2 annotations on 7 elements
19:08:09.857 [ModalContext] DEBUG o.a.h.AndroidManifestFinder:137 - AndroidManifest.xml file found in parent folder D:\WorkSpaceL\V2Students: D:\WorkSpaceL\V2Students\AndroidManifest.xml
19:08:09.859 [ModalContext] INFO  o.a.AndroidAnnotationProcessor:180 - AndroidManifest.xml found: AndroidManifest [applicationPackage=com.v2solutions.v2students, componentQualifiedNames=[com.v2solutions.v2students.MainActivity_, com.v2solutions.v2students.NewStudentActivity, com.v2solutions.v2students.PassStudentActivity, com.v2solutions.v2students.ShowRank], permissionQualifiedNames=[com.android.launcher.permission.INSTALL_SHORTCUT, com.android.launcher.permission.UNINSTALL_SHORTCUT], applicationClassName=null, libraryProject=false, debugabble=false, minSdkVersion=8, maxSdkVersion=-1, targetSdkVersion=8]
19:08:09.860 [ModalContext] INFO  o.a.r.ProjectRClassFinder:48 - Found project R class: com.v2solutions.v2students.R
19:08:09.860 [ModalContext] INFO  o.a.r.AndroidRClassFinder:44 - Found Android class: android.R
19:08:09.864 [ModalContext] INFO  o.a.p.ModelValidator:42 - Validating elements
19:08:09.865 [ModalContext] DEBUG o.a.p.ModelValidator:62 - Validating with EActivityHandler: [com.v2solutions.v2students.MainActivity]
19:08:09.866 [ModalContext] DEBUG o.a.p.ModelValidator:62 - Validating with AfterViewsHandler: [void afterViews() ]
19:08:09.866 [ModalContext] INFO  o.a.p.ModelProcessor:73 - Processing root elements
19:08:09.866 [ModalContext] DEBUG o.a.p.ModelProcessor:80 - Processing root elements EActivityHandler: [com.v2solutions.v2students.MainActivity]
19:08:09.868 [ModalContext] INFO  o.a.p.ModelProcessor:104 - Processing enclosed elements
19:08:09.869 [ModalContext] INFO  o.a.AndroidAnnotationProcessor:259 - Number of files generated by AndroidAnnotations: 1
19:08:09.869 [ModalContext] INFO  o.a.g.ApiCodeGenerator:52 - Writting following API classes in project: []
19:08:09.869 [ModalContext] DEBUG o.a.g.SourceCodewriter:55 - Generating class: com.v2solutions.v2students.MainActivity_
19:08:09.873 [ModalContext] INFO  o.a.p.TimeStats:81 - Time measurements: [Whole Processing = 22 ms], [Extract Annotations = 6 ms], [Find R Classes = 4 ms], [Generate Sources = 4 ms], [Process Annotations = 3 ms], [Extract Manifest = 2 ms], [Validate Annotations = 2 ms], 
19:08:09.874 [ModalContext] INFO  o.a.AndroidAnnotationProcessor:131 - Finish processing
19:08:10.118 [Worker-201] INFO  o.a.AndroidAnnotationProcessor:86 - Initialize AndroidAnnotationProcessor with options {phase=BUILD}
19:08:10.272 [ModalContext] INFO  o.a.AndroidAnnotationProcessor:86 - Initialize AndroidAnnotationProcessor with options {phase=BUILD}
19:08:10.275 [ModalContext] INFO  o.a.AndroidAnnotationProcessor:117 - Start processing for 2 annotations on 7 elements
19:08:10.282 [ModalContext] DEBUG o.a.h.AndroidManifestFinder:137 - AndroidManifest.xml file found in parent folder D:\WorkSpaceL\V2Students: D:\WorkSpaceL\V2Students\AndroidManifest.xml
19:08:10.283 [ModalContext] INFO  o.a.AndroidAnnotationProcessor:180 - AndroidManifest.xml found: AndroidManifest [applicationPackage=com.v2solutions.v2students, componentQualifiedNames=[com.v2solutions.v2students.MainActivity_, com.v2solutions.v2students.NewStudentActivity, com.v2solutions.v2students.PassStudentActivity, com.v2solutions.v2students.ShowRank], permissionQualifiedNames=[com.android.launcher.permission.INSTALL_SHORTCUT, com.android.launcher.permission.UNINSTALL_SHORTCUT], applicationClassName=null, libraryProject=false, debugabble=false, minSdkVersion=8, maxSdkVersion=-1, targetSdkVersion=8]
19:08:10.284 [ModalContext] INFO  o.a.r.ProjectRClassFinder:48 - Found project R class: com.v2solutions.v2students.R
19:08:10.284 [ModalContext] INFO  o.a.r.AndroidRClassFinder:44 - Found Android class: android.R
19:08:10.288 [ModalContext] INFO  o.a.p.ModelValidator:42 - Validating elements
19:08:10.289 [ModalContext] DEBUG o.a.p.ModelValidator:62 - Validating with EActivityHandler: [com.v2solutions.v2students.MainActivity]
19:08:10.289 [ModalContext] DEBUG o.a.p.ModelValidator:62 - Validating with AfterViewsHandler: [void afterViews() ]
19:08:10.290 [ModalContext] INFO  o.a.p.ModelProcessor:73 - Processing root elements
19:08:10.290 [ModalContext] DEBUG o.a.p.ModelProcessor:80 - Processing root elements EActivityHandler: [com.v2solutions.v2students.MainActivity]
19:08:10.292 [ModalContext] INFO  o.a.p.ModelProcessor:104 - Processing enclosed elements
19:08:10.292 [ModalContext] INFO  o.a.AndroidAnnotationProcessor:259 - Number of files generated by AndroidAnnotations: 1
19:08:10.293 [ModalContext] INFO  o.a.g.ApiCodeGenerator:52 - Writting following API classes in project: []
19:08:10.293 [ModalContext] DEBUG o.a.g.SourceCodewriter:55 - Generating class: com.v2solutions.v2students.MainActivity_
19:08:10.297 [ModalContext] INFO  o.a.p.TimeStats:81 - Time measurements: [Whole Processing = 22 ms], [Extract Annotations = 6 ms], [Generate Sources = 5 ms], [Find R Classes = 4 ms], [Extract Manifest = 2 ms], [Validate Annotations = 2 ms], [Process Annotations = 2 ms], 
19:08:10.297 [ModalContext] INFO  o.a.AndroidAnnotationProcessor:131 - Finish processing
19:08:11.251 [Worker-202] INFO  o.a.AndroidAnnotationProcessor:86 - Initialize AndroidAnnotationProcessor with options {phase=BUILD}
20:05:59.10 [Worker-486] INFO  o.a.AndroidAnnotationProcessor:86 - Initialize AndroidAnnotationProcessor with options {phase=BUILD}
20:05:59.84 [Worker-486] INFO  o.a.AndroidAnnotationProcessor:117 - Start processing for 2 annotations on 7 elements
20:05:59.94 [Worker-486] DEBUG o.a.h.AndroidManifestFinder:137 - AndroidManifest.xml file found in parent folder D:\WorkSpaceL\V2Students: D:\WorkSpaceL\V2Students\AndroidManifest.xml
20:05:59.96 [Worker-486] INFO  o.a.AndroidAnnotationProcessor:180 - AndroidManifest.xml found: AndroidManifest [applicationPackage=com.v2solutions.v2students, componentQualifiedNames=[com.v2solutions.v2students.MainActivity_, com.v2solutions.v2students.NewStudentActivity, com.v2solutions.v2students.PassStudentActivity, com.v2solutions.v2students.ShowRank], permissionQualifiedNames=[com.android.launcher.permission.INSTALL_SHORTCUT, com.android.launcher.permission.UNINSTALL_SHORTCUT], applicationClassName=null, libraryProject=false, debugabble=false, minSdkVersion=8, maxSdkVersion=-1, targetSdkVersion=8]
20:05:59.97 [Worker-486] INFO  o.a.r.ProjectRClassFinder:48 - Found project R class: com.v2solutions.v2students.R
20:05:59.98 [Worker-486] INFO  o.a.r.AndroidRClassFinder:44 - Found Android class: android.R
20:05:59.104 [Worker-486] INFO  o.a.p.ModelValidator:42 - Validating elements
20:05:59.105 [Worker-486] DEBUG o.a.p.ModelValidator:62 - Validating with EActivityHandler: [com.v2solutions.v2students.MainActivity]
20:05:59.105 [Worker-486] DEBUG o.a.p.ModelValidator:62 - Validating with AfterViewsHandler: [void afterViews() ]
20:05:59.106 [Worker-486] INFO  o.a.p.ModelProcessor:73 - Processing root elements
20:05:59.106 [Worker-486] DEBUG o.a.p.ModelProcessor:80 - Processing root elements EActivityHandler: [com.v2solutions.v2students.MainActivity]
20:05:59.136 [Worker-486] INFO  o.a.p.ModelProcessor:104 - Processing enclosed elements
20:05:59.137 [Worker-486] INFO  o.a.AndroidAnnotationProcessor:259 - Number of files generated by AndroidAnnotations: 1
20:05:59.137 [Worker-486] INFO  o.a.g.ApiCodeGenerator:52 - Writting following API classes in project: []
20:05:59.138 [Worker-486] DEBUG o.a.g.SourceCodewriter:55 - Generating class: com.v2solutions.v2students.MainActivity_
20:05:59.147 [Worker-486] INFO  o.a.p.TimeStats:81 - Time measurements: [Whole Processing = 63 ms], [Process Annotations = 30 ms], [Generate Sources = 11 ms], [Extract Annotations = 9 ms], [Find R Classes = 7 ms], [Extract Manifest = 2 ms], [Validate Annotations = 2 ms], 
20:05:59.148 [Worker-486] INFO  o.a.AndroidAnnotationProcessor:131 - Finish processing
14:04:17.942 [Worker-65] INFO  o.a.AndroidAnnotationProcessor:86 - Initialize AndroidAnnotationProcessor with options {phase=BUILD}
14:04:18.31 [Worker-65] INFO  o.a.AndroidAnnotationProcessor:117 - Start processing for 2 annotations on 7 elements
14:04:18.42 [Worker-65] DEBUG o.a.h.AndroidManifestFinder:137 - AndroidManifest.xml file found in parent folder D:\WorkSpaceL\V2Students: D:\WorkSpaceL\V2Students\AndroidManifest.xml
14:04:18.45 [Worker-65] INFO  o.a.AndroidAnnotationProcessor:180 - AndroidManifest.xml found: AndroidManifest [applicationPackage=com.v2solutions.v2students, componentQualifiedNames=[com.v2solutions.v2students.MainActivity_, com.v2solutions.v2students.NewStudentActivity, com.v2solutions.v2students.PassStudentActivity, com.v2solutions.v2students.ShowRank], permissionQualifiedNames=[com.android.launcher.permission.INSTALL_SHORTCUT, com.android.launcher.permission.UNINSTALL_SHORTCUT], applicationClassName=null, libraryProject=false, debugabble=false, minSdkVersion=8, maxSdkVersion=-1, targetSdkVersion=8]
14:04:18.46 [Worker-65] INFO  o.a.r.ProjectRClassFinder:48 - Found project R class: com.v2solutions.v2students.R
14:04:18.48 [Worker-65] INFO  o.a.r.AndroidRClassFinder:44 - Found Android class: android.R
14:04:18.62 [Worker-65] INFO  o.a.p.ModelValidator:42 - Validating elements
14:04:18.62 [Worker-65] DEBUG o.a.p.ModelValidator:62 - Validating with EActivityHandler: [com.v2solutions.v2students.MainActivity]
14:04:18.65 [Worker-65] DEBUG o.a.p.ModelValidator:62 - Validating with AfterViewsHandler: [void afterViews() ]
14:04:18.76 [Worker-65] INFO  o.a.p.ModelProcessor:73 - Processing root elements
14:04:18.76 [Worker-65] DEBUG o.a.p.ModelProcessor:80 - Processing root elements EActivityHandler: [com.v2solutions.v2students.MainActivity]
14:04:18.100 [Worker-65] INFO  o.a.p.ModelProcessor:104 - Processing enclosed elements
14:04:18.101 [Worker-65] INFO  o.a.AndroidAnnotationProcessor:259 - Number of files generated by AndroidAnnotations: 1
14:04:18.103 [Worker-65] INFO  o.a.g.ApiCodeGenerator:52 - Writting following API classes in project: []
14:04:18.105 [Worker-65] DEBUG o.a.g.SourceCodewriter:55 - Generating class: com.v2solutions.v2students.MainActivity_
14:04:18.123 [Worker-65] INFO  o.a.p.TimeStats:81 - Time measurements: [Whole Processing = 92 ms], [Process Annotations = 35 ms], [Generate Sources = 22 ms], [Extract Annotations = 8 ms], [Find R Classes = 7 ms], [Extract Manifest = 5 ms], [Validate Annotations = 5 ms], 
14:04:18.124 [Worker-65] INFO  o.a.AndroidAnnotationProcessor:131 - Finish processing
14:14:12.307 [Worker-8] INFO  o.a.AndroidAnnotationProcessor:86 - Initialize AndroidAnnotationProcessor with options {phase=BUILD}
14:14:12.371 [Worker-8] INFO  o.a.AndroidAnnotationProcessor:117 - Start processing for 2 annotations on 7 elements
14:14:12.381 [Worker-8] DEBUG o.a.h.AndroidManifestFinder:137 - AndroidManifest.xml file found in parent folder D:\WorkSpaceL\V2Students: D:\WorkSpaceL\V2Students\AndroidManifest.xml
14:14:12.384 [Worker-8] INFO  o.a.AndroidAnnotationProcessor:180 - AndroidManifest.xml found: AndroidManifest [applicationPackage=com.v2solutions.v2students, componentQualifiedNames=[com.v2solutions.v2students.MainActivity_, com.v2solutions.v2students.NewStudentActivity, com.v2solutions.v2students.PassStudentActivity, com.v2solutions.v2students.ShowRank], permissionQualifiedNames=[com.android.launcher.permission.INSTALL_SHORTCUT, com.android.launcher.permission.UNINSTALL_SHORTCUT], applicationClassName=null, libraryProject=false, debugabble=false, minSdkVersion=8, maxSdkVersion=-1, targetSdkVersion=8]
14:14:12.385 [Worker-8] INFO  o.a.r.ProjectRClassFinder:48 - Found project R class: com.v2solutions.v2students.R
14:14:12.387 [Worker-8] INFO  o.a.r.AndroidRClassFinder:44 - Found Android class: android.R
14:14:12.398 [Worker-8] INFO  o.a.p.ModelValidator:42 - Validating elements
14:14:12.398 [Worker-8] DEBUG o.a.p.ModelValidator:62 - Validating with EActivityHandler: [com.v2solutions.v2students.MainActivity]
14:14:12.401 [Worker-8] DEBUG o.a.p.ModelValidator:62 - Validating with AfterViewsHandler: [void afterViews() ]
14:14:12.409 [Worker-8] INFO  o.a.p.ModelProcessor:73 - Processing root elements
14:14:12.410 [Worker-8] DEBUG o.a.p.ModelProcessor:80 - Processing root elements EActivityHandler: [com.v2solutions.v2students.MainActivity]
14:14:12.431 [Worker-8] INFO  o.a.p.ModelProcessor:104 - Processing enclosed elements
14:14:12.432 [Worker-8] INFO  o.a.AndroidAnnotationProcessor:259 - Number of files generated by AndroidAnnotations: 1
14:14:12.434 [Worker-8] INFO  o.a.g.ApiCodeGenerator:52 - Writting following API classes in project: []
14:14:12.435 [Worker-8] DEBUG o.a.g.SourceCodewriter:55 - Generating class: com.v2solutions.v2students.MainActivity_
14:14:12.444 [Worker-8] INFO  o.a.p.TimeStats:81 - Time measurements: [Whole Processing = 73 ms], [Process Annotations = 30 ms], [Generate Sources = 12 ms], [Extract Annotations = 8 ms], [Find R Classes = 7 ms], [Validate Annotations = 5 ms], [Extract Manifest = 4 ms], 
14:14:12.445 [Worker-8] INFO  o.a.AndroidAnnotationProcessor:131 - Finish processing
11:25:55.829 [Worker-6] INFO  o.a.AndroidAnnotationProcessor:86 - Initialize AndroidAnnotationProcessor with options {phase=BUILD}
11:25:55.900 [Worker-6] INFO  o.a.AndroidAnnotationProcessor:117 - Start processing for 2 annotations on 7 elements
11:25:55.911 [Worker-6] DEBUG o.a.h.AndroidManifestFinder:137 - AndroidManifest.xml file found in parent folder D:\WorkSpaceL\V2Students: D:\WorkSpaceL\V2Students\AndroidManifest.xml
11:25:55.914 [Worker-6] INFO  o.a.AndroidAnnotationProcessor:180 - AndroidManifest.xml found: AndroidManifest [applicationPackage=com.v2solutions.v2students, componentQualifiedNames=[com.v2solutions.v2students.MainActivity_, com.v2solutions.v2students.NewStudentActivity, com.v2solutions.v2students.PassStudentActivity, com.v2solutions.v2students.ShowRank], permissionQualifiedNames=[com.android.launcher.permission.INSTALL_SHORTCUT, com.android.launcher.permission.UNINSTALL_SHORTCUT], applicationClassName=null, libraryProject=false, debugabble=false, minSdkVersion=8, maxSdkVersion=-1, targetSdkVersion=8]
11:25:55.914 [Worker-6] INFO  o.a.r.ProjectRClassFinder:48 - Found project R class: com.v2solutions.v2students.R
11:25:55.917 [Worker-6] INFO  o.a.r.AndroidRClassFinder:44 - Found Android class: android.R
11:25:55.929 [Worker-6] INFO  o.a.p.ModelValidator:42 - Validating elements
11:25:55.930 [Worker-6] DEBUG o.a.p.ModelValidator:62 - Validating with EActivityHandler: [com.v2solutions.v2students.MainActivity]
11:25:55.932 [Worker-6] DEBUG o.a.p.ModelValidator:62 - Validating with AfterViewsHandler: [void afterViews() ]
11:25:55.942 [Worker-6] INFO  o.a.p.ModelProcessor:73 - Processing root elements
11:25:55.943 [Worker-6] DEBUG o.a.p.ModelProcessor:80 - Processing root elements EActivityHandler: [com.v2solutions.v2students.MainActivity]
11:25:55.965 [Worker-6] INFO  o.a.p.ModelProcessor:104 - Processing enclosed elements
11:25:55.967 [Worker-6] INFO  o.a.AndroidAnnotationProcessor:259 - Number of files generated by AndroidAnnotations: 1
11:25:55.969 [Worker-6] INFO  o.a.g.ApiCodeGenerator:52 - Writting following API classes in project: []
11:25:55.971 [Worker-6] DEBUG o.a.g.SourceCodewriter:55 - Generating class: com.v2solutions.v2students.MainActivity_
11:25:55.980 [Worker-6] INFO  o.a.p.TimeStats:81 - Time measurements: [Whole Processing = 80 ms], [Process Annotations = 34 ms], [Generate Sources = 13 ms], [Extract Annotations = 8 ms], [Find R Classes = 7 ms], [Extract Manifest = 4 ms], [Validate Annotations = 4 ms], 
11:25:55.981 [Worker-6] INFO  o.a.AndroidAnnotationProcessor:131 - Finish processing
11:29:48.16 [Worker-12] INFO  o.a.AndroidAnnotationProcessor:86 - Initialize AndroidAnnotationProcessor with options {phase=BUILD}
11:29:48.18 [Worker-12] INFO  o.a.AndroidAnnotationProcessor:117 - Start processing for 2 annotations on 7 elements
11:29:48.24 [Worker-12] DEBUG o.a.h.AndroidManifestFinder:137 - AndroidManifest.xml file found in parent folder D:\WorkSpaceL\V2Students: D:\WorkSpaceL\V2Students\AndroidManifest.xml
11:29:48.26 [Worker-12] INFO  o.a.AndroidAnnotationProcessor:180 - AndroidManifest.xml found: AndroidManifest [applicationPackage=com.v2solutions.v2students, componentQualifiedNames=[com.v2solutions.v2students.MainActivity_, com.v2solutions.v2students.NewStudentActivity, com.v2solutions.v2students.PassStudentActivity, com.v2solutions.v2students.ShowRank], permissionQualifiedNames=[com.android.launcher.permission.INSTALL_SHORTCUT, com.android.launcher.permission.UNINSTALL_SHORTCUT], applicationClassName=null, libraryProject=false, debugabble=false, minSdkVersion=8, maxSdkVersion=-1, targetSdkVersion=8]
11:29:48.26 [Worker-12] INFO  o.a.r.ProjectRClassFinder:48 - Found project R class: com.v2solutions.v2students.R
11:29:48.27 [Worker-12] INFO  o.a.r.AndroidRClassFinder:44 - Found Android class: android.R
11:29:48.31 [Worker-12] INFO  o.a.p.ModelValidator:42 - Validating elements
11:29:48.31 [Worker-12] DEBUG o.a.p.ModelValidator:62 - Validating with EActivityHandler: [com.v2solutions.v2students.MainActivity]
11:29:48.32 [Worker-12] DEBUG o.a.p.ModelValidator:62 - Validating with AfterViewsHandler: [void afterViews() ]
11:29:48.32 [Worker-12] INFO  o.a.p.ModelProcessor:73 - Processing root elements
11:29:48.33 [Worker-12] DEBUG o.a.p.ModelProcessor:80 - Processing root elements EActivityHandler: [com.v2solutions.v2students.MainActivity]
11:29:48.34 [Worker-12] INFO  o.a.p.ModelProcessor:104 - Processing enclosed elements
11:29:48.35 [Worker-12] INFO  o.a.AndroidAnnotationProcessor:259 - Number of files generated by AndroidAnnotations: 1
11:29:48.35 [Worker-12] INFO  o.a.g.ApiCodeGenerator:52 - Writting following API classes in project: []
11:29:48.35 [Worker-12] DEBUG o.a.g.SourceCodewriter:55 - Generating class: com.v2solutions.v2students.MainActivity_
11:29:48.39 [Worker-12] INFO  o.a.p.TimeStats:81 - Time measurements: [Whole Processing = 21 ms], [Extract Annotations = 6 ms], [Find R Classes = 5 ms], [Generate Sources = 4 ms], [Process Annotations = 3 ms], [Extract Manifest = 2 ms], [Validate Annotations = 1 ms], 
11:29:48.40 [Worker-12] INFO  o.a.AndroidAnnotationProcessor:131 - Finish processing
13:11:38.157 [Worker-9] INFO  o.a.AndroidAnnotationProcessor:86 - Initialize AndroidAnnotationProcessor with options {phase=BUILD}
